* commit ad7f0a5976e24304aecf988e3c8e83267901b554
| Author: Lam Gordon <90032061@study.curtincollege.edu.au>
| Date:   Mon Dec 16 10:03:38 2024 +0800
| 
|     Update .gitignore to exclude README.md.backup
| 
* commit 8a647624e5b66f1f4eb8098b44897a9166d7e780
| Author: Lam Gordon <90032061@study.curtincollege.edu.au>
| Date:   Sun Dec 15 20:18:26 2024 +0000
| 
|     Added v3 on README file.
|   
*   commit 65f1c4e15f34b4ef46b97ba560261fb8925ca60d
|\  Merge: 0a41aad 3050e48
| | Author: Lam Gordon <90032061@study.curtincollege.edu.au>
| | Date:   Sun Dec 15 05:11:26 2024 +0800
| | 
| |     Merge branch 'development'
| | 
| * commit 3050e48517bdad59f42c9286aad3e2de47fbe611
| | Author: Lam Gordon <90032061@study.curtincollege.edu.au>
| | Date:   Sun Dec 15 05:10:44 2024 +0800
| | 
| |     Added comment on test_numerology.py
| | 
| * commit b769960b9296e4911b0cf97ac078095cac8ddede
| | Author: Lam Gordon <90032061@study.curtincollege.edu.au>
| | Date:   Sun Dec 15 05:04:16 2024 +0800
| | 
| |     Added refactoring.
| | 
| * commit efebd7f85296847d9ced062021e1d7f05ef9d9cd
| | Author: Lam Gordon <90032061@study.curtincollege.edu.au>
| | Date:   Sun Dec 15 04:58:47 2024 +0800
| | 
| |     Added comment on main.py.
| | 
| * commit 323e6f91b75dc23ecd913d4fbb94b60404ed543b
| | Author: Lam Gordon <90032061@study.curtincollege.edu.au>
| | Date:   Sun Dec 15 04:55:26 2024 +0800
| | 
| |     Added setup and teardown.
| | 
* | commit 0a41aad8bca1e7d62ed0520fb0df230e37fefd14
|\| Merge: ac0d0bd 9848911
| | Author: Lam Gordon <90032061@study.curtincollege.edu.au>
| | Date:   Sun Dec 15 04:30:08 2024 +0800
| | 
| |     Merge branch 'development'
| | 
| * commit 98489119a3e675152946ae6f24ed2908b82d8787
| | Author: Lam Gordon <90032061@study.curtincollege.edu.au>
| | Date:   Sun Dec 15 04:29:51 2024 +0800
| | 
| |     Added Requirements.
| | 
| * commit bdc5690009f0041012f03f8214218c833fb0b840
| | Author: Lam Gordon <90032061@study.curtincollege.edu.au>
| | Date:   Sun Dec 15 04:28:07 2024 +0800
| | 
| |     Added edge case in testing.
| | 
| * commit 45acf5d5da4380e1ad2060481d5dba74df183e0a
| | Author: Lam Gordon <90032061@study.curtincollege.edu.au>
| | Date:   Sun Dec 15 04:27:25 2024 +0800
| | 
| |     Added comment for understanding.
| | 
| * commit ef576114a5dfad51db95f9c6ae435b5edb2a1623
| | Author: Lam Gordon <90032061@study.curtincollege.edu.au>
| | Date:   Sun Dec 15 04:26:31 2024 +0800
| | 
| |     Fixed output problem.
| | 
* | commit ac0d0bd3f2d6462e573357f1a82ce1466cfe45e3
| | Author: Lam Gordon <90032061@study.curtincollege.edu.au>
| | Date:   Sun Dec 15 04:18:36 2024 +0800
| | 
| |     Edited README file
| | 
* | commit 0fb09400ebd49bf3fac7bd9ce1911f54aa6da739
| | Author: Lam Gordon <90032061@study.curtincollege.edu.au>
| | Date:   Sun Dec 15 04:16:16 2024 +0800
| | 
| |     Added report file.
| | 
* | commit 6447f23bdd712470a8e347e23f54aac28b8b224c
| | Author: Lam Gordon <90032061@study.curtincollege.edu.au>
| | Date:   Sun Dec 15 04:09:26 2024 +0800
| | 
| |     Added .gitignore file
| | 
* | commit 0426fde84f4a3619b67d5a9050bc844c72dd7455
| | Author: Lam Gordon <90032061@study.curtincollege.edu.au>
| | Date:   Sun Dec 15 04:07:35 2024 +0800
| | 
| |     Added version control plan
| | 
* | commit d3a0ed74d3c78211b3839adef34afbd5830a655e
|\| Merge: 54e6251 522f380
| | Author: Lam Gordon <90032061@study.curtincollege.edu.au>
| | Date:   Sun Dec 15 04:05:12 2024 +0800
| | 
| |     Merge branch 'development'
| | 
| * commit 522f380b8ea014f2ccddf9f408c8fff11868c64d
| | Author: Lam Gordon <90032061@study.curtincollege.edu.au>
| | Date:   Sun Dec 15 04:04:43 2024 +0800
| | 
| |     Added main.py for user to input.
| | 
| * commit fb7e2acc65bd71c86a3a54b959a98ae5b9bd8b04
| | Author: Lam Gordon <90032061@study.curtincollege.edu.au>
| | Date:   Sun Dec 15 04:04:15 2024 +0800
| | 
| |     Added more test case.
| | 
| * commit be2f7e3f31681f101ec36e204a3ff0207d08d816
| | Author: Lam Gordon <90032061@study.curtincollege.edu.au>
| | Date:   Sun Dec 15 04:03:51 2024 +0800
| | 
| |     Added Edges cases.
| | 
| * commit 933fa820785bdc8397e1e2f9157cd9a45eb043ba
| | Author: Lam Gordon <90032061@study.curtincollege.edu.au>
| | Date:   Sun Dec 15 04:02:47 2024 +0800
| | 
| |     Added test code using unittest.
| | 
| * commit 49d3baff61838c22b878a9e7e5f6c934a895a9bd
|/  Author: Lam Gordon <90032061@study.curtincollege.edu.au>
|   Date:   Sun Dec 15 04:01:45 2024 +0800
|   
|       Added numerologu_calculator for funcation.
| 
* commit 54e625197f4aeb52480143cbd2ec95ab0498099d
  Author: Lam Gordon <90032061@study.curtincollege.edu.au>
  Date:   Sun Dec 15 04:00:12 2024 +0800
  
      Initial commit: Added README.md
